<?xml version="1.0" encoding="UTF-8"?>
<testsuite xmlns:xsi="http://www.w3.org/2001/XMLSchema-instance" xsi:noNamespaceSchemaLocation="https://maven.apache.org/surefire/maven-surefire-plugin/xsd/surefire-test-report.xsd" name="com.solace.psg.sempv1.sempinterface.ConfigureCommandsTest" time="0.003" tests="4" errors="1" skipped="3" failures="0">
  <properties>
    <property name="awt.toolkit" value="sun.awt.X11.XToolkit"/>
    <property name="file.encoding.pkg" value="sun.io"/>
    <property name="java.specification.version" value="1.8"/>
    <property name="sun.cpu.isalist" value=""/>
    <property name="sun.jnu.encoding" value="UTF-8"/>
    <property name="java.class.path" value="/mnt/c/Projects/j2ee/sempv1-interface/target/test-classes:/mnt/c/Projects/j2ee/sempv1-interface/target/classes:/home/amatorium/.m2/repository/org/apache/logging/log4j/log4j-api/2.13.1/log4j-api-2.13.1.jar:/home/amatorium/.m2/repository/org/apache/logging/log4j/log4j-core/2.13.1/log4j-core-2.13.1.jar:/home/amatorium/.m2/repository/org/apache/logging/log4j/log4j-slf4j-impl/2.13.1/log4j-slf4j-impl-2.13.1.jar:/home/amatorium/.m2/repository/org/slf4j/slf4j-api/1.7.25/slf4j-api-1.7.25.jar:/home/amatorium/.m2/repository/com/sun/xml/bind/jaxb-core/2.3.0/jaxb-core-2.3.0.jar:/home/amatorium/.m2/repository/javax/xml/bind/jaxb-api/2.3.1/jaxb-api-2.3.1.jar:/home/amatorium/.m2/repository/javax/activation/javax.activation-api/1.2.0/javax.activation-api-1.2.0.jar:/home/amatorium/.m2/repository/com/sun/xml/bind/jaxb-impl/2.3.1/jaxb-impl-2.3.1.jar:/home/amatorium/.m2/repository/javax/annotation/javax.annotation-api/1.3.2/javax.annotation-api-1.3.2.jar:/home/amatorium/.m2/repository/org/apache/maven/plugins/maven-javadoc-plugin/3.2.0/maven-javadoc-plugin-3.2.0.jar:/home/amatorium/.m2/repository/org/apache/maven/maven-core/3.0/maven-core-3.0.jar:/home/amatorium/.m2/repository/org/apache/maven/maven-settings-builder/3.0/maven-settings-builder-3.0.jar:/home/amatorium/.m2/repository/org/apache/maven/maven-repository-metadata/3.0/maven-repository-metadata-3.0.jar:/home/amatorium/.m2/repository/org/apache/maven/maven-model-builder/3.0/maven-model-builder-3.0.jar:/home/amatorium/.m2/repository/org/apache/maven/maven-aether-provider/3.0/maven-aether-provider-3.0.jar:/home/amatorium/.m2/repository/org/sonatype/aether/aether-impl/1.7/aether-impl-1.7.jar:/home/amatorium/.m2/repository/org/sonatype/aether/aether-spi/1.7/aether-spi-1.7.jar:/home/amatorium/.m2/repository/org/sonatype/aether/aether-api/1.7/aether-api-1.7.jar:/home/amatorium/.m2/repository/org/sonatype/aether/aether-util/1.7/aether-util-1.7.jar:/home/amatorium/.m2/repository/org/sonatype/sisu/sisu-inject-plexus/1.4.2/sisu-inject-plexus-1.4.2.jar:/home/amatorium/.m2/repository/org/sonatype/sisu/sisu-inject-bean/1.4.2/sisu-inject-bean-1.4.2.jar:/home/amatorium/.m2/repository/org/sonatype/sisu/sisu-guice/2.1.7/sisu-guice-2.1.7-noaop.jar:/home/amatorium/.m2/repository/org/codehaus/plexus/plexus-interpolation/1.14/plexus-interpolation-1.14.jar:/home/amatorium/.m2/repository/org/codehaus/plexus/plexus-classworlds/2.2.3/plexus-classworlds-2.2.3.jar:/home/amatorium/.m2/repository/org/codehaus/plexus/plexus-component-annotations/1.5.5/plexus-component-annotations-1.5.5.jar:/home/amatorium/.m2/repository/org/sonatype/plexus/plexus-sec-dispatcher/1.3/plexus-sec-dispatcher-1.3.jar:/home/amatorium/.m2/repository/org/sonatype/plexus/plexus-cipher/1.4/plexus-cipher-1.4.jar:/home/amatorium/.m2/repository/org/apache/maven/maven-model/3.0/maven-model-3.0.jar:/home/amatorium/.m2/repository/org/apache/maven/maven-settings/3.0/maven-settings-3.0.jar:/home/amatorium/.m2/repository/org/apache/maven/maven-plugin-api/3.0/maven-plugin-api-3.0.jar:/home/amatorium/.m2/repository/org/apache/maven/maven-artifact/3.0/maven-artifact-3.0.jar:/home/amatorium/.m2/repository/org/apache/maven/reporting/maven-reporting-api/3.0/maven-reporting-api-3.0.jar:/home/amatorium/.m2/repository/org/apache/maven/maven-archiver/3.5.0/maven-archiver-3.5.0.jar:/home/amatorium/.m2/repository/org/apache/maven/shared/maven-shared-utils/3.2.1/maven-shared-utils-3.2.1.jar:/home/amatorium/.m2/repository/org/apache/maven/shared/maven-invoker/3.0.0/maven-invoker-3.0.0.jar:/home/amatorium/.m2/repository/org/apache/maven/shared/maven-common-artifact-filters/3.0.0/maven-common-artifact-filters-3.0.0.jar:/home/amatorium/.m2/repository/org/apache/maven/shared/maven-artifact-transfer/0.10.1/maven-artifact-transfer-0.10.1.jar:/home/amatorium/.m2/repository/org/apache/maven/doxia/doxia-sink-api/1.7/doxia-sink-api-1.7.jar:/home/amatorium/.m2/repository/org/apache/maven/doxia/doxia-logging-api/1.7/doxia-logging-api-1.7.jar:/home/amatorium/.m2/repository/org/apache/maven/doxia/doxia-site-renderer/1.9.2/doxia-site-renderer-1.9.2.jar:/home/amatorium/.m2/repository/org/apache/maven/doxia/doxia-core/1.9.1/doxia-core-1.9.1.jar:/home/amatorium/.m2/repository/org/apache/maven/doxia/doxia-decoration-model/1.9.2/doxia-decoration-model-1.9.2.jar:/home/amatorium/.m2/repository/org/apache/maven/doxia/doxia-skin-model/1.9.2/doxia-skin-model-1.9.2.jar:/home/amatorium/.m2/repository/org/apache/maven/doxia/doxia-module-xhtml/1.9.1/doxia-module-xhtml-1.9.1.jar:/home/amatorium/.m2/repository/org/apache/maven/doxia/doxia-module-xhtml5/1.9.1/doxia-module-xhtml5-1.9.1.jar:/home/amatorium/.m2/repository/org/codehaus/plexus/plexus-i18n/1.0-beta-10/plexus-i18n-1.0-beta-10.jar:/home/amatorium/.m2/repository/org/codehaus/plexus/plexus-container-default/1.0-alpha-30/plexus-container-default-1.0-alpha-30.jar:/home/amatorium/.m2/repository/org/codehaus/plexus/plexus-velocity/1.2/plexus-velocity-1.2.jar:/home/amatorium/.m2/repository/org/apache/velocity/velocity/1.7/velocity-1.7.jar:/home/amatorium/.m2/repository/commons-lang/commons-lang/2.4/commons-lang-2.4.jar:/home/amatorium/.m2/repository/org/apache/velocity/velocity-tools/2.0/velocity-tools-2.0.jar:/home/amatorium/.m2/repository/commons-beanutils/commons-beanutils/1.7.0/commons-beanutils-1.7.0.jar:/home/amatorium/.m2/repository/commons-digester/commons-digester/1.8/commons-digester-1.8.jar:/home/amatorium/.m2/repository/commons-chain/commons-chain/1.1/commons-chain-1.1.jar:/home/amatorium/.m2/repository/dom4j/dom4j/1.1/dom4j-1.1.jar:/home/amatorium/.m2/repository/oro/oro/2.0.8/oro-2.0.8.jar:/home/amatorium/.m2/repository/commons-collections/commons-collections/3.2.2/commons-collections-3.2.2.jar:/home/amatorium/.m2/repository/org/apache/maven/wagon/wagon-provider-api/2.4/wagon-provider-api-2.4.jar:/home/amatorium/.m2/repository/org/apache/commons/commons-lang3/3.5/commons-lang3-3.5.jar:/home/amatorium/.m2/repository/commons-io/commons-io/2.5/commons-io-2.5.jar:/home/amatorium/.m2/repository/com/thoughtworks/qdox/qdox/2.0-M10/qdox-2.0-M10.jar:/home/amatorium/.m2/repository/org/codehaus/plexus/plexus-java/1.0.5/plexus-java-1.0.5.jar:/home/amatorium/.m2/repository/org/ow2/asm/asm/7.2/asm-7.2.jar:/home/amatorium/.m2/repository/org/codehaus/plexus/plexus-archiver/4.2.1/plexus-archiver-4.2.1.jar:/home/amatorium/.m2/repository/org/apache/commons/commons-compress/1.19/commons-compress-1.19.jar:/home/amatorium/.m2/repository/org/iq80/snappy/snappy/0.4/snappy-0.4.jar:/home/amatorium/.m2/repository/org/tukaani/xz/1.8/xz-1.8.jar:/home/amatorium/.m2/repository/org/codehaus/plexus/plexus-io/3.2.0/plexus-io-3.2.0.jar:/home/amatorium/.m2/repository/org/codehaus/plexus/plexus-utils/3.3.0/plexus-utils-3.3.0.jar:/home/amatorium/.m2/repository/org/codehaus/plexus/plexus-interactivity-api/1.0-alpha-6/plexus-interactivity-api-1.0-alpha-6.jar:/home/amatorium/.m2/repository/junit/junit/4.12/junit-4.12.jar:/home/amatorium/.m2/repository/org/hamcrest/hamcrest-core/1.3/hamcrest-core-1.3.jar:/home/amatorium/.m2/repository/org/apache/httpcomponents/httpclient/4.5.4/httpclient-4.5.4.jar:/home/amatorium/.m2/repository/commons-logging/commons-logging/1.2/commons-logging-1.2.jar:/home/amatorium/.m2/repository/commons-codec/commons-codec/1.10/commons-codec-1.10.jar:/home/amatorium/.m2/repository/org/apache/httpcomponents/httpcore/4.4.9/httpcore-4.4.9.jar:"/>
    <property name="java.vm.vendor" value="Private Build"/>
    <property name="sun.arch.data.model" value="64"/>
    <property name="java.vendor.url" value="http://java.oracle.com/"/>
    <property name="user.timezone" value=""/>
    <property name="java.vm.specification.version" value="1.8"/>
    <property name="os.name" value="Linux"/>
    <property name="sun.java.launcher" value="SUN_STANDARD"/>
    <property name="sun.boot.library.path" value="/usr/lib/jvm/java-8-openjdk-amd64/jre/lib/amd64"/>
    <property name="sun.java.command" value="/mnt/c/Projects/j2ee/sempv1-interface/target/surefire/surefirebooter7778310433138657517.jar /mnt/c/Projects/j2ee/sempv1-interface/target/surefire 2020-10-08T22-14-54_517-jvmRun1 surefire6458399097663514139tmp surefire_03972446177497078194tmp"/>
    <property name="surefire.test.class.path" value="/mnt/c/Projects/j2ee/sempv1-interface/target/test-classes:/mnt/c/Projects/j2ee/sempv1-interface/target/classes:/home/amatorium/.m2/repository/org/apache/logging/log4j/log4j-api/2.13.1/log4j-api-2.13.1.jar:/home/amatorium/.m2/repository/org/apache/logging/log4j/log4j-core/2.13.1/log4j-core-2.13.1.jar:/home/amatorium/.m2/repository/org/apache/logging/log4j/log4j-slf4j-impl/2.13.1/log4j-slf4j-impl-2.13.1.jar:/home/amatorium/.m2/repository/org/slf4j/slf4j-api/1.7.25/slf4j-api-1.7.25.jar:/home/amatorium/.m2/repository/com/sun/xml/bind/jaxb-core/2.3.0/jaxb-core-2.3.0.jar:/home/amatorium/.m2/repository/javax/xml/bind/jaxb-api/2.3.1/jaxb-api-2.3.1.jar:/home/amatorium/.m2/repository/javax/activation/javax.activation-api/1.2.0/javax.activation-api-1.2.0.jar:/home/amatorium/.m2/repository/com/sun/xml/bind/jaxb-impl/2.3.1/jaxb-impl-2.3.1.jar:/home/amatorium/.m2/repository/javax/annotation/javax.annotation-api/1.3.2/javax.annotation-api-1.3.2.jar:/home/amatorium/.m2/repository/org/apache/maven/plugins/maven-javadoc-plugin/3.2.0/maven-javadoc-plugin-3.2.0.jar:/home/amatorium/.m2/repository/org/apache/maven/maven-core/3.0/maven-core-3.0.jar:/home/amatorium/.m2/repository/org/apache/maven/maven-settings-builder/3.0/maven-settings-builder-3.0.jar:/home/amatorium/.m2/repository/org/apache/maven/maven-repository-metadata/3.0/maven-repository-metadata-3.0.jar:/home/amatorium/.m2/repository/org/apache/maven/maven-model-builder/3.0/maven-model-builder-3.0.jar:/home/amatorium/.m2/repository/org/apache/maven/maven-aether-provider/3.0/maven-aether-provider-3.0.jar:/home/amatorium/.m2/repository/org/sonatype/aether/aether-impl/1.7/aether-impl-1.7.jar:/home/amatorium/.m2/repository/org/sonatype/aether/aether-spi/1.7/aether-spi-1.7.jar:/home/amatorium/.m2/repository/org/sonatype/aether/aether-api/1.7/aether-api-1.7.jar:/home/amatorium/.m2/repository/org/sonatype/aether/aether-util/1.7/aether-util-1.7.jar:/home/amatorium/.m2/repository/org/sonatype/sisu/sisu-inject-plexus/1.4.2/sisu-inject-plexus-1.4.2.jar:/home/amatorium/.m2/repository/org/sonatype/sisu/sisu-inject-bean/1.4.2/sisu-inject-bean-1.4.2.jar:/home/amatorium/.m2/repository/org/sonatype/sisu/sisu-guice/2.1.7/sisu-guice-2.1.7-noaop.jar:/home/amatorium/.m2/repository/org/codehaus/plexus/plexus-interpolation/1.14/plexus-interpolation-1.14.jar:/home/amatorium/.m2/repository/org/codehaus/plexus/plexus-classworlds/2.2.3/plexus-classworlds-2.2.3.jar:/home/amatorium/.m2/repository/org/codehaus/plexus/plexus-component-annotations/1.5.5/plexus-component-annotations-1.5.5.jar:/home/amatorium/.m2/repository/org/sonatype/plexus/plexus-sec-dispatcher/1.3/plexus-sec-dispatcher-1.3.jar:/home/amatorium/.m2/repository/org/sonatype/plexus/plexus-cipher/1.4/plexus-cipher-1.4.jar:/home/amatorium/.m2/repository/org/apache/maven/maven-model/3.0/maven-model-3.0.jar:/home/amatorium/.m2/repository/org/apache/maven/maven-settings/3.0/maven-settings-3.0.jar:/home/amatorium/.m2/repository/org/apache/maven/maven-plugin-api/3.0/maven-plugin-api-3.0.jar:/home/amatorium/.m2/repository/org/apache/maven/maven-artifact/3.0/maven-artifact-3.0.jar:/home/amatorium/.m2/repository/org/apache/maven/reporting/maven-reporting-api/3.0/maven-reporting-api-3.0.jar:/home/amatorium/.m2/repository/org/apache/maven/maven-archiver/3.5.0/maven-archiver-3.5.0.jar:/home/amatorium/.m2/repository/org/apache/maven/shared/maven-shared-utils/3.2.1/maven-shared-utils-3.2.1.jar:/home/amatorium/.m2/repository/org/apache/maven/shared/maven-invoker/3.0.0/maven-invoker-3.0.0.jar:/home/amatorium/.m2/repository/org/apache/maven/shared/maven-common-artifact-filters/3.0.0/maven-common-artifact-filters-3.0.0.jar:/home/amatorium/.m2/repository/org/apache/maven/shared/maven-artifact-transfer/0.10.1/maven-artifact-transfer-0.10.1.jar:/home/amatorium/.m2/repository/org/apache/maven/doxia/doxia-sink-api/1.7/doxia-sink-api-1.7.jar:/home/amatorium/.m2/repository/org/apache/maven/doxia/doxia-logging-api/1.7/doxia-logging-api-1.7.jar:/home/amatorium/.m2/repository/org/apache/maven/doxia/doxia-site-renderer/1.9.2/doxia-site-renderer-1.9.2.jar:/home/amatorium/.m2/repository/org/apache/maven/doxia/doxia-core/1.9.1/doxia-core-1.9.1.jar:/home/amatorium/.m2/repository/org/apache/maven/doxia/doxia-decoration-model/1.9.2/doxia-decoration-model-1.9.2.jar:/home/amatorium/.m2/repository/org/apache/maven/doxia/doxia-skin-model/1.9.2/doxia-skin-model-1.9.2.jar:/home/amatorium/.m2/repository/org/apache/maven/doxia/doxia-module-xhtml/1.9.1/doxia-module-xhtml-1.9.1.jar:/home/amatorium/.m2/repository/org/apache/maven/doxia/doxia-module-xhtml5/1.9.1/doxia-module-xhtml5-1.9.1.jar:/home/amatorium/.m2/repository/org/codehaus/plexus/plexus-i18n/1.0-beta-10/plexus-i18n-1.0-beta-10.jar:/home/amatorium/.m2/repository/org/codehaus/plexus/plexus-container-default/1.0-alpha-30/plexus-container-default-1.0-alpha-30.jar:/home/amatorium/.m2/repository/org/codehaus/plexus/plexus-velocity/1.2/plexus-velocity-1.2.jar:/home/amatorium/.m2/repository/org/apache/velocity/velocity/1.7/velocity-1.7.jar:/home/amatorium/.m2/repository/commons-lang/commons-lang/2.4/commons-lang-2.4.jar:/home/amatorium/.m2/repository/org/apache/velocity/velocity-tools/2.0/velocity-tools-2.0.jar:/home/amatorium/.m2/repository/commons-beanutils/commons-beanutils/1.7.0/commons-beanutils-1.7.0.jar:/home/amatorium/.m2/repository/commons-digester/commons-digester/1.8/commons-digester-1.8.jar:/home/amatorium/.m2/repository/commons-chain/commons-chain/1.1/commons-chain-1.1.jar:/home/amatorium/.m2/repository/dom4j/dom4j/1.1/dom4j-1.1.jar:/home/amatorium/.m2/repository/oro/oro/2.0.8/oro-2.0.8.jar:/home/amatorium/.m2/repository/commons-collections/commons-collections/3.2.2/commons-collections-3.2.2.jar:/home/amatorium/.m2/repository/org/apache/maven/wagon/wagon-provider-api/2.4/wagon-provider-api-2.4.jar:/home/amatorium/.m2/repository/org/apache/commons/commons-lang3/3.5/commons-lang3-3.5.jar:/home/amatorium/.m2/repository/commons-io/commons-io/2.5/commons-io-2.5.jar:/home/amatorium/.m2/repository/com/thoughtworks/qdox/qdox/2.0-M10/qdox-2.0-M10.jar:/home/amatorium/.m2/repository/org/codehaus/plexus/plexus-java/1.0.5/plexus-java-1.0.5.jar:/home/amatorium/.m2/repository/org/ow2/asm/asm/7.2/asm-7.2.jar:/home/amatorium/.m2/repository/org/codehaus/plexus/plexus-archiver/4.2.1/plexus-archiver-4.2.1.jar:/home/amatorium/.m2/repository/org/apache/commons/commons-compress/1.19/commons-compress-1.19.jar:/home/amatorium/.m2/repository/org/iq80/snappy/snappy/0.4/snappy-0.4.jar:/home/amatorium/.m2/repository/org/tukaani/xz/1.8/xz-1.8.jar:/home/amatorium/.m2/repository/org/codehaus/plexus/plexus-io/3.2.0/plexus-io-3.2.0.jar:/home/amatorium/.m2/repository/org/codehaus/plexus/plexus-utils/3.3.0/plexus-utils-3.3.0.jar:/home/amatorium/.m2/repository/org/codehaus/plexus/plexus-interactivity-api/1.0-alpha-6/plexus-interactivity-api-1.0-alpha-6.jar:/home/amatorium/.m2/repository/junit/junit/4.12/junit-4.12.jar:/home/amatorium/.m2/repository/org/hamcrest/hamcrest-core/1.3/hamcrest-core-1.3.jar:/home/amatorium/.m2/repository/org/apache/httpcomponents/httpclient/4.5.4/httpclient-4.5.4.jar:/home/amatorium/.m2/repository/commons-logging/commons-logging/1.2/commons-logging-1.2.jar:/home/amatorium/.m2/repository/commons-codec/commons-codec/1.10/commons-codec-1.10.jar:/home/amatorium/.m2/repository/org/apache/httpcomponents/httpcore/4.4.9/httpcore-4.4.9.jar:"/>
    <property name="sun.cpu.endian" value="little"/>
    <property name="user.home" value="/home/amatorium"/>
    <property name="user.language" value="en"/>
    <property name="java.specification.vendor" value="Oracle Corporation"/>
    <property name="java.home" value="/usr/lib/jvm/java-8-openjdk-amd64/jre"/>
    <property name="basedir" value="/mnt/c/Projects/j2ee/sempv1-interface"/>
    <property name="file.separator" value="/"/>
    <property name="line.separator" value="&#10;"/>
    <property name="java.vm.specification.vendor" value="Oracle Corporation"/>
    <property name="java.specification.name" value="Java Platform API Specification"/>
    <property name="java.awt.graphicsenv" value="sun.awt.X11GraphicsEnvironment"/>
    <property name="surefire.real.class.path" value="/mnt/c/Projects/j2ee/sempv1-interface/target/surefire/surefirebooter7778310433138657517.jar"/>
    <property name="sun.boot.class.path" value="/usr/lib/jvm/java-8-openjdk-amd64/jre/lib/resources.jar:/usr/lib/jvm/java-8-openjdk-amd64/jre/lib/rt.jar:/usr/lib/jvm/java-8-openjdk-amd64/jre/lib/sunrsasign.jar:/usr/lib/jvm/java-8-openjdk-amd64/jre/lib/jsse.jar:/usr/lib/jvm/java-8-openjdk-amd64/jre/lib/jce.jar:/usr/lib/jvm/java-8-openjdk-amd64/jre/lib/charsets.jar:/usr/lib/jvm/java-8-openjdk-amd64/jre/lib/jfr.jar:/usr/lib/jvm/java-8-openjdk-amd64/jre/classes"/>
    <property name="sun.management.compiler" value="HotSpot 64-Bit Tiered Compilers"/>
    <property name="java.runtime.version" value="1.8.0_265-8u265-b01-0ubuntu2~20.04-b01"/>
    <property name="user.name" value="amatorium"/>
    <property name="path.separator" value=":"/>
    <property name="os.version" value="4.19.104-microsoft-standard"/>
    <property name="java.endorsed.dirs" value="/usr/lib/jvm/java-8-openjdk-amd64/jre/lib/endorsed"/>
    <property name="java.runtime.name" value="OpenJDK Runtime Environment"/>
    <property name="file.encoding" value="UTF-8"/>
    <property name="java.vm.name" value="OpenJDK 64-Bit Server VM"/>
    <property name="localRepository" value="/home/amatorium/.m2/repository"/>
    <property name="java.vendor.url.bug" value="http://bugreport.sun.com/bugreport/"/>
    <property name="java.io.tmpdir" value="/tmp"/>
    <property name="java.version" value="1.8.0_265"/>
    <property name="user.dir" value="/mnt/c/Projects/j2ee/sempv1-interface"/>
    <property name="os.arch" value="amd64"/>
    <property name="java.vm.specification.name" value="Java Virtual Machine Specification"/>
    <property name="java.awt.printerjob" value="sun.print.PSPrinterJob"/>
    <property name="sun.os.patch.level" value="unknown"/>
    <property name="java.library.path" value="/usr/java/packages/lib/amd64:/usr/lib/x86_64-linux-gnu/jni:/lib/x86_64-linux-gnu:/usr/lib/x86_64-linux-gnu:/usr/lib/jni:/lib:/usr/lib"/>
    <property name="java.vm.info" value="mixed mode"/>
    <property name="java.vendor" value="Private Build"/>
    <property name="java.vm.version" value="25.265-b01"/>
    <property name="java.ext.dirs" value="/usr/lib/jvm/java-8-openjdk-amd64/jre/lib/ext:/usr/java/packages/lib/ext"/>
    <property name="sun.io.unicode.encoding" value="UnicodeLittle"/>
    <property name="java.class.version" value="52.0"/>
  </properties>
  <testcase name="testEnableQueue" classname="com.solace.psg.sempv1.sempinterface.ConfigureCommandsTest" time="0">
    <skipped/>
  </testcase>
  <testcase name="testShutdownQueue" classname="com.solace.psg.sempv1.sempinterface.ConfigureCommandsTest" time="0">
    <skipped/>
  </testcase>
  <testcase name="testConfigureSubscriptionEvents" classname="com.solace.psg.sempv1.sempinterface.ConfigureCommandsTest" time="0">
    <skipped/>
  </testcase>
  <testcase name="testConfigureMaxUnackedMessages" classname="com.solace.psg.sempv1.sempinterface.ConfigureCommandsTest" time="0.002">
    <error message="Username may not be null" type="java.lang.IllegalArgumentException">java.lang.IllegalArgumentException: Username may not be null
	at com.solace.psg.sempv1.sempinterface.ConfigureCommandsTest.testConfigureMaxUnackedMessages(ConfigureCommandsTest.java:128)
</error>
    <system-out><![CDATA[[INFO ] 2020-10-08 22:14:58.470 [main] ConfigureCommands - Executing SEMP configure command setQueueMaxUnackedMessages for vpn SAPAribaOld1, queue testQueue1.
[INFO ] 2020-10-08 22:14:58.473 [main] SempCommand - Running configure command: <message-spool><vpn-name>SAPAribaOld1</vpn-name><queue><name>testQueue1</name><max-delivered-unacked-msgs-per-flow><max>10</max></max-delivered-unacked-msgs-per-flow></queue></message-spool></rpc>
]]></system-out>
  </testcase>
</testsuite>